origin	https://github.com/KevinFerati/DAI-2022-UDP-Orchestra.git (fetch)
origin	https://github.com/KevinFerati/DAI-2022-UDP-Orchestra.git (push)
Starting auditor container "e2751c0d094ac9c314a7c50ffc0ce38664338aafc803964b0101e7bb60fe32ee"
Starting auditor container "d0bc16def3f13f50c6e3323bfde9d1ec4f10abc4d7aadb8fc301dd74ffe94645"
Starting auditor container "5af5b4df9a083a4a806d0bc3a6392e6fc0940800b18dec4d575b9a40665c0431"
Starting auditor container "652f19d8c7d26d091762546be8b638ad108b86181bc0846a7a7574fa4944acdd"
Starting auditor container "7ea29c941283c00da1d31ad3da417b53de5f924b432b7c48b8d9968601ea48a2"
Starting auditor container "ff9b42d2928c13ad0673643c8309b627a1bc49d32f97a5829e2ae2c29de91e86"
Starting auditor container "a5ab961b98360e5eceefef6b6d9a145ea3a7c47a82d92020faa1efd7b01065ef"
Starting auditor container "271e56f7948291e9171df76274944922e18a0a865f30777e474e37700438a10e"
Starting auditor container "e72553acdcfccccefc158a68bf5c10ebf8b9069eaf84c4fcbabd3d5bc51bcd63"
Starting auditor container "00f698605c8ef152fde08c77f10dc75d17939f2dc70c4b99eafa8459a1f7fb24"
Starting auditor container "00dcc315d04347b6e335e28414fd81bdd5558364872409871bfd4f904e5f73c8"
11 containers have been started.
7ea29c941283c00da1d31ad3da417b53de5f924b432b7c48b8d9968601ea48a2 : index.js,piano
d0bc16def3f13f50c6e3323bfde9d1ec4f10abc4d7aadb8fc301dd74ffe94645 : index.js,violin
e2751c0d094ac9c314a7c50ffc0ce38664338aafc803964b0101e7bb60fe32ee : index.js,trumpet
00f698605c8ef152fde08c77f10dc75d17939f2dc70c4b99eafa8459a1f7fb24 : index.js,flute
5af5b4df9a083a4a806d0bc3a6392e6fc0940800b18dec4d575b9a40665c0431 : index.js,violin
271e56f7948291e9171df76274944922e18a0a865f30777e474e37700438a10e : index.js,flute
652f19d8c7d26d091762546be8b638ad108b86181bc0846a7a7574fa4944acdd : index.js,drum
e72553acdcfccccefc158a68bf5c10ebf8b9069eaf84c4fcbabd3d5bc51bcd63 : index.js,violin
00dcc315d04347b6e335e28414fd81bdd5558364872409871bfd4f904e5f73c8 : index.js,piano
a5ab961b98360e5eceefef6b6d9a145ea3a7c47a82d92020faa1efd7b01065ef : index.js,drum
ff9b42d2928c13ad0673643c8309b627a1bc49d32f97a5829e2ae2c29de91e86 : index.js
Auditor validation: success: ["drum","drum","flute","flute","piano","piano","trumpet","violin","violin","violin"]
There are 10 musicians, let's kill one
killed e72553acdcfccccefc158a68bf5c10ebf8b9069eaf84c4fcbabd3d5bc51bcd63
Auditor validation: success: ["drum","drum","flute","flute","piano","piano","trumpet","violin","violin"]
Scheduling a new test
There are 9 musicians, let's kill one
killed 7ea29c941283c00da1d31ad3da417b53de5f924b432b7c48b8d9968601ea48a2
Auditor validation: success: ["drum","drum","flute","flute","piano","trumpet","violin","violin"]
Scheduling a new test
There are 8 musicians, let's kill one
killed 271e56f7948291e9171df76274944922e18a0a865f30777e474e37700438a10e
Auditor validation: success: ["drum","drum","flute","piano","trumpet","violin","violin"]
Scheduling a new test
There are 7 musicians, let's kill one
killed 00dcc315d04347b6e335e28414fd81bdd5558364872409871bfd4f904e5f73c8
Auditor validation: success: ["drum","drum","flute","trumpet","violin","violin"]
Scheduling a new test
We have done all tests.
